# JRE version: Java(TM) SE Runtime Environment (21.0.9+7) (build 21.0.9+7-LTS-338)
# Java VM: Java HotSpot(TM) 64-Bit Server VM (21.0.9+7-LTS-338, mixed mode, sharing, tiered, compressed oops, compressed class ptrs, g1 gc, windows-amd64)
GC Precious Log:
 CardTable entry size: 512
 Card Set container configuration: InlinePtr #cards 4 size 8 Array Of Cards #cards 16 size 48 Howl #buckets 8 coarsen threshold 3686 Howl Bitmap #cards 512 size 80 coarsen threshold 460 Card regions per heap region 1 cards per card region 4096
 CPUs: 6 total, 6 available
 Memory: 16256M
 Large Page Support: Disabled
 NUMA Support: Disabled
 Compressed Oops: Enabled (Zero based)
 Heap Region Size: 2M
 Heap Min Capacity: 8M
 Heap Initial Capacity: 256M
 Heap Max Capacity: 4066M
 Pre-touch: Disabled
 Parallel Workers: 6
 Concurrent Workers: 2
 Concurrent Refinement Workers: 6
 Periodic GC: Disabled
Heap:
 garbage-first heap   total 235520K, used 137581K [0x0000000701e00000, 0x0000000800000000)
  region size 2048K, 9 young (18432K), 4 survivors (8192K)
 Metaspace       used 47405K, committed 48192K, reserved 1114112K
  class space    used 5244K, committed 5632K, reserved 1048576K
GC Heap History (20 events):
Event: 9.428 GC heap before
{Heap before GC invocations=21 (full 0):
 garbage-first heap   total 161792K, used 118629K [0x0000000701e00000, 0x0000000800000000)
  region size 2048K, 17 young (34816K), 3 survivors (6144K)
 Metaspace       used 32007K, committed 32512K, reserved 1114112K
  class space    used 3473K, committed 3712K, reserved 1048576K
}
Event: 9.434 GC heap after
{Heap after GC invocations=22 (full 0):
 garbage-first heap   total 161792K, used 97588K [0x0000000701e00000, 0x0000000800000000)
  region size 2048K, 3 young (6144K), 3 survivors (6144K)
 Metaspace       used 32007K, committed 32512K, reserved 1114112K
  class space    used 3473K, committed 3712K, reserved 1048576K
}
Event: 9.980 GC heap before
{Heap before GC invocations=22 (full 0):
 garbage-first heap   total 161792K, used 132404K [0x0000000701e00000, 0x0000000800000000)
  region size 2048K, 20 young (40960K), 3 survivors (6144K)
 Metaspace       used 34029K, committed 34688K, reserved 1114112K
  class space    used 3726K, committed 4032K, reserved 1048576K
}
Event: 9.988 GC heap after
{Heap after GC invocations=23 (full 0):
 garbage-first heap   total 161792K, used 96934K [0x0000000701e00000, 0x0000000800000000)
  region size 2048K, 3 young (6144K), 3 survivors (6144K)
 Metaspace       used 34029K, committed 34688K, reserved 1114112K
  class space    used 3726K, committed 4032K, reserved 1048576K
}
Event: 10.132 GC heap before
{Heap before GC invocations=23 (full 0):
 garbage-first heap   total 161792K, used 133798K [0x0000000701e00000, 0x0000000800000000)
  region size 2048K, 21 young (43008K), 3 survivors (6144K)
 Metaspace       used 34034K, committed 34688K, reserved 1114112K
  class space    used 3726K, committed 4032K, reserved 1048576K
}
Event: 10.137 GC heap after
{Heap after GC invocations=24 (full 0):
 garbage-first heap   total 161792K, used 99545K [0x0000000701e00000, 0x0000000800000000)
  region size 2048K, 2 young (4096K), 2 survivors (4096K)
 Metaspace       used 34034K, committed 34688K, reserved 1114112K
  class space    used 3726K, committed 4032K, reserved 1048576K
}
Event: 10.291 GC heap before
{Heap before GC invocations=25 (full 0):
 garbage-first heap   total 188416K, used 138457K [0x0000000701e00000, 0x0000000800000000)
  region size 2048K, 21 young (43008K), 2 survivors (4096K)
 Metaspace       used 34039K, committed 34688K, reserved 1114112K
  class space    used 3726K, committed 4032K, reserved 1048576K
}
Event: 10.293 GC heap after
{Heap after GC invocations=26 (full 0):
 garbage-first heap   total 188416K, used 100002K [0x0000000701e00000, 0x0000000800000000)
  region size 2048K, 2 young (4096K), 2 survivors (4096K)
 Metaspace       used 34039K, committed 34688K, reserved 1114112K
  class space    used 3726K, committed 4032K, reserved 1048576K
}
Event: 10.483 GC heap before
{Heap before GC invocations=26 (full 0):
 garbage-first heap   total 188416K, used 161442K [0x0000000701e00000, 0x0000000800000000)
  region size 2048K, 32 young (65536K), 2 survivors (4096K)
 Metaspace       used 34044K, committed 34688K, reserved 1114112K
  class space    used 3726K, committed 4032K, reserved 1048576K
}
Event: 10.487 GC heap after
{Heap after GC invocations=27 (full 0):
 garbage-first heap   total 227328K, used 84063K [0x0000000701e00000, 0x0000000800000000)
  region size 2048K, 2 young (4096K), 2 survivors (4096K)
 Metaspace       used 34044K, committed 34688K, reserved 1114112K
  class space    used 3726K, committed 4032K, reserved 1048576K
}
Event: 11.511 GC heap before
{Heap before GC invocations=27 (full 0):
 garbage-first heap   total 227328K, used 190559K [0x0000000701e00000, 0x0000000800000000)
  region size 2048K, 53 young (108544K), 2 survivors (4096K)
 Metaspace       used 34079K, committed 34688K, reserved 1114112K
  class space    used 3726K, committed 4032K, reserved 1048576K
}
Event: 11.516 GC heap after
{Heap after GC invocations=28 (full 0):
 garbage-first heap   total 227328K, used 95341K [0x0000000701e00000, 0x0000000800000000)
  region size 2048K, 7 young (14336K), 7 survivors (14336K)
 Metaspace       used 34079K, committed 34688K, reserved 1114112K
  class space    used 3726K, committed 4032K, reserved 1048576K
}
Event: 11.825 GC heap before
{Heap before GC invocations=28 (full 0):
 garbage-first heap   total 227328K, used 191597K [0x0000000701e00000, 0x0000000800000000)
  region size 2048K, 54 young (110592K), 7 survivors (14336K)
 Metaspace       used 34081K, committed 34688K, reserved 1114112K
  class space    used 3726K, committed 4032K, reserved 1048576K
}
Event: 11.829 GC heap after
{Heap after GC invocations=29 (full 0):
 garbage-first heap   total 227328K, used 91526K [0x0000000701e00000, 0x0000000800000000)
  region size 2048K, 2 young (4096K), 2 survivors (4096K)
 Metaspace       used 34081K, committed 34688K, reserved 1114112K
  class space    used 3726K, committed 4032K, reserved 1048576K
}
Event: 12.179 GC heap before
{Heap before GC invocations=29 (full 0):
 garbage-first heap   total 227328K, used 195974K [0x0000000701e00000, 0x0000000800000000)
  region size 2048K, 53 young (108544K), 2 survivors (4096K)
 Metaspace       used 34119K, committed 34752K, reserved 1114112K
  class space    used 3727K, committed 4032K, reserved 1048576K
}
Event: 12.189 GC heap after
{Heap after GC invocations=30 (full 0):
 garbage-first heap   total 227328K, used 108752K [0x0000000701e00000, 0x0000000800000000)
  region size 2048K, 7 young (14336K), 7 survivors (14336K)
 Metaspace       used 34119K, committed 34752K, reserved 1114112K
  class space    used 3727K, committed 4032K, reserved 1048576K
}
Event: 12.940 GC heap before
{Heap before GC invocations=30 (full 0):
 garbage-first heap   total 227328K, used 194768K [0x0000000701e00000, 0x0000000800000000)
  region size 2048K, 47 young (96256K), 7 survivors (14336K)
 Metaspace       used 34229K, committed 34816K, reserved 1114112K
  class space    used 3733K, committed 4032K, reserved 1048576K
}
Event: 12.953 GC heap after
{Heap after GC invocations=31 (full 0):
 garbage-first heap   total 235520K, used 136599K [0x0000000701e00000, 0x0000000800000000)
  region size 2048K, 6 young (12288K), 6 survivors (12288K)
 Metaspace       used 34229K, committed 34816K, reserved 1114112K
  class space    used 3733K, committed 4032K, reserved 1048576K
}
Event: 13.765 GC heap before
{Heap before GC invocations=32 (full 0):
 garbage-first heap   total 235520K, used 187799K [0x0000000701e00000, 0x0000000800000000)
  region size 2048K, 34 young (69632K), 6 survivors (12288K)
 Metaspace       used 42517K, committed 43264K, reserved 1114112K
  class space    used 4649K, committed 4992K, reserved 1048576K
}
Event: 13.770 GC heap after
{Heap after GC invocations=33 (full 0):
 garbage-first heap   total 235520K, used 129389K [0x0000000701e00000, 0x0000000800000000)
  region size 2048K, 4 young (8192K), 4 survivors (8192K)
 Metaspace       used 42517K, committed 43264K, reserved 1114112K
  class space    used 4649K, committed 4992K, reserved 1048576K
}

